0 info it worked if it ends with ok
1 verbose cli [ '/usr/bin/nodejs', '/usr/bin/npm', 'install', './vnu.jar' ]
2 info using npm@3.5.2
3 info using node@v4.2.6
4 silly loadCurrentTree Starting
5 silly install loadCurrentTree
6 silly install readLocalPackageData
7 silly fetchPackageMetaData ./vnu.jar
8 silly fetchOtherPackageData ./vnu.jar
9 silly cache add args [ './vnu.jar', null ]
10 verbose cache add spec ./vnu.jar
11 silly cache add parsed spec Result {
11 silly cache add   raw: './vnu.jar',
11 silly cache add   scope: null,
11 silly cache add   name: null,
11 silly cache add   rawSpec: './vnu.jar',
11 silly cache add   spec: '/home/machine411/a1711972/2018/s1/wdc/prac5/vnu.jar',
11 silly cache add   type: 'local' }
12 error addLocal Could not install /home/machine411/a1711972/2018/s1/wdc/prac5/vnu.jar
13 silly fetchPackageMetaData Error: ENOENT: no such file or directory, open '/home/machine411/a1711972/2018/s1/wdc/prac5/vnu.jar'
13 silly fetchPackageMetaData     at Error (native)
13 silly fetchPackageMetaData  error for ./vnu.jar { [Error: ENOENT: no such file or directory, open '/home/machine411/a1711972/2018/s1/wdc/prac5/vnu.jar']
13 silly fetchPackageMetaData   errno: -2,
13 silly fetchPackageMetaData   code: 'ENOENT',
13 silly fetchPackageMetaData   syscall: 'open',
13 silly fetchPackageMetaData   path: '/home/machine411/a1711972/2018/s1/wdc/prac5/vnu.jar' }
14 silly rollbackFailedOptional Starting
15 silly rollbackFailedOptional Finishing
16 silly runTopLevelLifecycles Starting
17 silly runTopLevelLifecycles Finishing
18 silly install printInstalled
19 verbose stack Error: ENOENT: no such file or directory, open '/home/machine411/a1711972/2018/s1/wdc/prac5/vnu.jar'
19 verbose stack     at Error (native)
20 verbose cwd /home/machine411/a1711972/2018/s1/wdc/prac5
21 error Linux 4.13.0-36-generic
22 error argv "/usr/bin/nodejs" "/usr/bin/npm" "install" "./vnu.jar"
23 error node v4.2.6
24 error npm  v3.5.2
25 error path /home/machine411/a1711972/2018/s1/wdc/prac5/vnu.jar
26 error code ENOENT
27 error errno -2
28 error syscall open
29 error enoent ENOENT: no such file or directory, open '/home/machine411/a1711972/2018/s1/wdc/prac5/vnu.jar'
30 error enoent ENOENT: no such file or directory, open '/home/machine411/a1711972/2018/s1/wdc/prac5/vnu.jar'
30 error enoent This is most likely not a problem with npm itself
30 error enoent and is related to npm not being able to find a file.
31 verbose exit [ -2, true ]
